[debug] [2025-03-27T12:12:37.695Z] ----------------------------------------------------------------------
[debug] [2025-03-27T12:12:37.697Z] Command:       /l/disk0/mwillian/.nvm/versions/node/v23.6.1/bin/node /l/disk0/mwillian/.nvm/versions/node/v23.6.1/bin/firebase deploy
[debug] [2025-03-27T12:12:37.697Z] CLI Version:   13.29.2
[debug] [2025-03-27T12:12:37.697Z] Platform:      linux
[debug] [2025-03-27T12:12:37.697Z] Node Version:  v23.6.1
[debug] [2025-03-27T12:12:37.697Z] Time:          Thu Mar 27 2025 09:12:37 GMT-0300 (Horário Padrão de Brasília)
[debug] [2025-03-27T12:12:37.697Z] ----------------------------------------------------------------------
[debug] 
[debug] [2025-03-27T12:12:37.813Z] > command requires scopes: ["email","openid","https://www.googleapis.com/auth/cloudplatformprojects.readonly","https://www.googleapis.com/auth/firebase","https://www.googleapis.com/auth/cloud-platform"]
[debug] [2025-03-27T12:12:37.813Z] > authorizing via signed-in user (matheus.wl.gomes@gmail.com)
[debug] [2025-03-27T12:12:37.813Z] [iam] checking project camporiapac for permissions ["firebase.projects.get","firebasehosting.sites.update"]
[debug] [2025-03-27T12:12:37.814Z] Checked if tokens are valid: true, expires at: 1743079187602
[debug] [2025-03-27T12:12:37.814Z] Checked if tokens are valid: true, expires at: 1743079187602
[debug] [2025-03-27T12:12:37.814Z] >>> [apiv2][query] POST https://cloudresourcemanager.googleapis.com/v1/projects/camporiapac:testIamPermissions [none]
[debug] [2025-03-27T12:12:37.814Z] >>> [apiv2][(partial)header] POST https://cloudresourcemanager.googleapis.com/v1/projects/camporiapac:testIamPermissions x-goog-quota-user=projects/camporiapac
[debug] [2025-03-27T12:12:37.814Z] >>> [apiv2][body] POST https://cloudresourcemanager.googleapis.com/v1/projects/camporiapac:testIamPermissions {"permissions":["firebase.projects.get","firebasehosting.sites.update"]}
[debug] [2025-03-27T12:12:38.782Z] <<< [apiv2][status] POST https://cloudresourcemanager.googleapis.com/v1/projects/camporiapac:testIamPermissions 200
[debug] [2025-03-27T12:12:38.782Z] <<< [apiv2][body] POST https://cloudresourcemanager.googleapis.com/v1/projects/camporiapac:testIamPermissions {"permissions":["firebase.projects.get","firebasehosting.sites.update"]}
[debug] [2025-03-27T12:12:38.782Z] Checked if tokens are valid: true, expires at: 1743079187602
[debug] [2025-03-27T12:12:38.782Z] Checked if tokens are valid: true, expires at: 1743079187602
[debug] [2025-03-27T12:12:38.783Z] >>> [apiv2][query] GET https://firebase.googleapis.com/v1beta1/projects/camporiapac [none]
[debug] [2025-03-27T12:12:39.285Z] <<< [apiv2][status] GET https://firebase.googleapis.com/v1beta1/projects/camporiapac 200
[debug] [2025-03-27T12:12:39.285Z] <<< [apiv2][body] GET https://firebase.googleapis.com/v1beta1/projects/camporiapac {"projectId":"camporiapac","projectNumber":"1083996220137","displayName":"CamporiAPaC","name":"projects/camporiapac","resources":{"hostingSite":"camporiapac"},"state":"ACTIVE","etag":"1_e0dc6c11-99cd-4ce6-856d-408fd1b90a70"}
[info] 
[info] === Deploying to 'camporiapac'...
[info] 
[info] i  deploying hosting 
[debug] [2025-03-27T12:12:39.291Z] Checked if tokens are valid: true, expires at: 1743079187602
[debug] [2025-03-27T12:12:39.291Z] Checked if tokens are valid: true, expires at: 1743079187602
[debug] [2025-03-27T12:12:39.291Z] >>> [apiv2][query] POST https://firebasehosting.googleapis.com/v1beta1/projects/-/sites/camporiapac/versions [none]
[debug] [2025-03-27T12:12:39.291Z] >>> [apiv2][body] POST https://firebasehosting.googleapis.com/v1beta1/projects/-/sites/camporiapac/versions {"status":"CREATED","labels":{"deployment-tool":"cli-firebase"}}
[debug] [2025-03-27T12:12:40.852Z] <<< [apiv2][status] POST https://firebasehosting.googleapis.com/v1beta1/projects/-/sites/camporiapac/versions 200
[debug] [2025-03-27T12:12:40.852Z] <<< [apiv2][body] POST https://firebasehosting.googleapis.com/v1beta1/projects/-/sites/camporiapac/versions {"name":"projects/1083996220137/sites/camporiapac/versions/d373976ccc1dd7e8","status":"CREATED","config":{},"labels":{"deployment-tool":"cli-firebase"}}
[info] i  hosting[camporiapac]: beginning deploy... 
[info] i  hosting[camporiapac]: found 30 files in build 
[debug] [2025-03-27T12:12:40.864Z] [hosting] uploading with 200 concurrency
[debug] [2025-03-27T12:12:41.728Z] Checked if tokens are valid: true, expires at: 1743079187602
[debug] [2025-03-27T12:12:41.728Z] Checked if tokens are valid: true, expires at: 1743079187602
[debug] [2025-03-27T12:12:41.729Z] [hosting] hash cache [YnVpbGQ] stored for 30 files
[debug] [2025-03-27T12:12:41.729Z] [hosting][hash queue][FINAL] {"max":859,"min":11,"avg":73.3,"active":0,"complete":30,"success":30,"errored":0,"retried":0,"total":30,"elapsed":863}
[debug] [2025-03-27T12:12:41.729Z] >>> [apiv2][query] POST https://firebasehosting.googleapis.com/v1beta1/projects/1083996220137/sites/camporiapac/versions/d373976ccc1dd7e8:populateFiles [none]
[debug] [2025-03-27T12:12:41.729Z] >>> [apiv2][body] POST https://firebasehosting.googleapis.com/v1beta1/projects/1083996220137/sites/camporiapac/versions/d373976ccc1dd7e8:populateFiles {"files":{"/robots.txt":"2544ca049f223a42bff01f72ad930a5edba75bbb7199d0f8430a02ff5aca16ec","/manifest.json":"7e8a77d0d6b96f8fae6b149c6d4e3e50a88839e17574814d1bd89348c93d5893","/asset-manifest.json":"4aa8393b48cc5a647c4aacb4c5cabbad3c031afdefdb5bd0c0d0b7e354402f35","/index.html":"1c26779cfcf88eb467838c37c8e38ba44134d91511a9217820564d0943b679f6","/404.html":"6537619fa0edb6a05c3fa83265461172fea2307ecff34424f323310c8c8eb4be","/static/js/main.bce6aa17.js.LICENSE.txt":"01e96124492781a4b52e4d3711765274673e07edab135a88f8d382e3bdcbe801","/static/css/main.cd3cded0.css":"55d3f4b88d60a1a99aef758a31cb21efec35d4e520815ae08b25d041196ac2e4","/static/media/logoMGW.ac9930671c39cf1389ad.png":"1aee4c4b6bc99864e4f2d9ba152dda68aa4db4cc25feabf9ecda4d4cdca74f14","/static/css/main.cd3cded0.css.map":"34093a26db7f2707c68c4a5c586ddb88f594b544179491d3065dddc8e21ccca1","/static/media/1.4845657c812964a624d2.jpg":"fc64601967aa710498448fa3d38e0d174fc9defb2dc4ff2ef1181a4809b37caa","/static/media/3.e2589a4ea4059142b4bd.jpg":"fc5a519065102ebafc55f3bf52aeb2aced9cc4179811776fe403bff8312f5d06","/static/media/logoCampori.08fedfb8e5ce2e02d16d.jpg":"de06a9b866d4896cb101351d82eafa05b0786326a08e7f2def4967489dd65b6a","/static/media/4.df299b4eaf8c1240a19b.jpg":"a71e18a12c6667ab51868226f9951346f501bc1a6bb2d4fffeae4b40482a070c","/static/media/2.7df54f2a313396dfed9e.jpg":"5749fe43bfc4f97ba3b1301b5dd85d69feae3ba26674227bb2714c7d86294444","/static/media/1.42e15ebfebd791bc7ae3.jpeg":"eb7341b7e70f4ddc14c507c881dbc4598c818ac1ee8bdedbfb05a760f238d335","/static/media/7.6df8c982c2a4acbd1afa.jpeg":"929cfe885ebd27af7e89cfd6cfdda52e618bb8b0cdcaf6c932741d35102d5e21","/static/media/8.fcb50fcc82b53062482f.jpeg":"606190aec09b827375f63f31ffdfdd3dac97d1e18993d3e3b9dbf6040da684f6","/static/media/2.facefde16c5031935979.jpeg":"d276294340e38d954fa2483661b6109584933d440300e4776b5a6c1df68dfc44","/static/media/6.87f90ae8de67df58f92b.jpeg":"a193fd6f543cda36071f2b058ff9b7c38b83594561d1e0dcc2da72b7c19db958","/static/media/9.259372abd0807ed5cdb1.jpeg":"25fada0195618336809a5ae493270bdbe723758376427c48e33326a5c5a17faa","/static/media/4.4a00ed5288a82815fe39.jpeg":"f03c2897b73cee17575495bda839d2cad98a800eff0caa629b34a00154e5941d","/static/media/3.9e8246693f00c2c8ecb4.jpeg":"bcfec9b0e02bdf1b64b319830ffff04c35fde1541d26afbf9604a7ad3f3bec3b","/static/media/5.8717151561d4320bdcc5.jpeg":"c5f7f08c85b812fb56f4941e22c79904dde1e2ea76e59a31302f3ae6eb87444c","/static/media/imageSchedulePage.70156e4fac416e455d08.jpg":"50d93e4e770d545e6d52994069fbf4fb673bb18388c20d8f7b2b70e9fdc3065a","/logo.png":"3498fc0f7a52e71f57ad044155e9f017a9dc29a331f78c8c9076433041efbbe3","/static/media/trunfo.46afc88f3d5c8b82ea40.png":"1464c5684c24af4df6d2f5977949708f2421b9bab34dfad001267773c2faf8d3","/static/media/background.8621d1dc9f78eb9413fc.jpg":"a6659bff61eceb7b6802f32dc3261c305156eec3e84a1592fe216ad7666c3742","/static/media/Church.43b91b05da38486ad4a4.png":"08735d0aa328e58d997ec7c388426f3620e87b24a8f074a8236719010fa899ed","/static/js/main.bce6aa17.js":"86cddb7906dcbf6e0d6fc2704b972a1a48043ac95f397966b19373ab81ee9e3d","/static/js/main.bce6aa17.js.map":"8a7b72c60a1ae35dbfe62ca5cb81dbb116a3ea56dca52fca115ad2505235ed76"}}
[debug] [2025-03-27T12:12:42.050Z] <<< [apiv2][status] POST https://firebasehosting.googleapis.com/v1beta1/projects/1083996220137/sites/camporiapac/versions/d373976ccc1dd7e8:populateFiles 200
[debug] [2025-03-27T12:12:42.050Z] <<< [apiv2][body] POST https://firebasehosting.googleapis.com/v1beta1/projects/1083996220137/sites/camporiapac/versions/d373976ccc1dd7e8:populateFiles {"uploadRequiredHashes":["86cddb7906dcbf6e0d6fc2704b972a1a48043ac95f397966b19373ab81ee9e3d","4aa8393b48cc5a647c4aacb4c5cabbad3c031afdefdb5bd0c0d0b7e354402f35","8a7b72c60a1ae35dbfe62ca5cb81dbb116a3ea56dca52fca115ad2505235ed76","1c26779cfcf88eb467838c37c8e38ba44134d91511a9217820564d0943b679f6"],"uploadUrl":"https://upload-firebasehosting.googleapis.com/upload/sites/camporiapac/versions/d373976ccc1dd7e8/files"}
[debug] [2025-03-27T12:12:42.051Z] Checked if tokens are valid: true, expires at: 1743079187602
[debug] [2025-03-27T12:12:42.051Z] Checked if tokens are valid: true, expires at: 1743079187602
[debug] [2025-03-27T12:12:42.052Z] Checked if tokens are valid: true, expires at: 1743079187602
[debug] [2025-03-27T12:12:42.052Z] Checked if tokens are valid: true, expires at: 1743079187602
[debug] [2025-03-27T12:12:42.052Z] Checked if tokens are valid: true, expires at: 1743079187602
[debug] [2025-03-27T12:12:42.052Z] Checked if tokens are valid: true, expires at: 1743079187602
[debug] [2025-03-27T12:12:42.052Z] Checked if tokens are valid: true, expires at: 1743079187602
[debug] [2025-03-27T12:12:42.052Z] Checked if tokens are valid: true, expires at: 1743079187602
[debug] [2025-03-27T12:12:42.053Z] >>> [apiv2][query] POST https://upload-firebasehosting.googleapis.com/upload/sites/camporiapac/versions/d373976ccc1dd7e8/files/86cddb7906dcbf6e0d6fc2704b972a1a48043ac95f397966b19373ab81ee9e3d [none]
[debug] [2025-03-27T12:12:42.053Z] >>> [apiv2][body] POST https://upload-firebasehosting.googleapis.com/upload/sites/camporiapac/versions/d373976ccc1dd7e8/files/86cddb7906dcbf6e0d6fc2704b972a1a48043ac95f397966b19373ab81ee9e3d [stream]
[debug] [2025-03-27T12:12:42.055Z] >>> [apiv2][query] POST https://upload-firebasehosting.googleapis.com/upload/sites/camporiapac/versions/d373976ccc1dd7e8/files/4aa8393b48cc5a647c4aacb4c5cabbad3c031afdefdb5bd0c0d0b7e354402f35 [none]
[debug] [2025-03-27T12:12:42.055Z] >>> [apiv2][body] POST https://upload-firebasehosting.googleapis.com/upload/sites/camporiapac/versions/d373976ccc1dd7e8/files/4aa8393b48cc5a647c4aacb4c5cabbad3c031afdefdb5bd0c0d0b7e354402f35 [stream]
[debug] [2025-03-27T12:12:42.057Z] >>> [apiv2][query] POST https://upload-firebasehosting.googleapis.com/upload/sites/camporiapac/versions/d373976ccc1dd7e8/files/8a7b72c60a1ae35dbfe62ca5cb81dbb116a3ea56dca52fca115ad2505235ed76 [none]
[debug] [2025-03-27T12:12:42.057Z] >>> [apiv2][body] POST https://upload-firebasehosting.googleapis.com/upload/sites/camporiapac/versions/d373976ccc1dd7e8/files/8a7b72c60a1ae35dbfe62ca5cb81dbb116a3ea56dca52fca115ad2505235ed76 [stream]
[debug] [2025-03-27T12:12:42.058Z] >>> [apiv2][query] POST https://upload-firebasehosting.googleapis.com/upload/sites/camporiapac/versions/d373976ccc1dd7e8/files/1c26779cfcf88eb467838c37c8e38ba44134d91511a9217820564d0943b679f6 [none]
[debug] [2025-03-27T12:12:42.058Z] >>> [apiv2][body] POST https://upload-firebasehosting.googleapis.com/upload/sites/camporiapac/versions/d373976ccc1dd7e8/files/1c26779cfcf88eb467838c37c8e38ba44134d91511a9217820564d0943b679f6 [stream]
[debug] [2025-03-27T12:12:42.060Z] [hosting][populate queue][FINAL] {"max":326,"min":326,"avg":326,"active":0,"complete":1,"success":1,"errored":0,"retried":0,"total":1,"elapsed":333}
[debug] [2025-03-27T12:12:42.060Z] [hosting] uploads queued: 4
[debug] [2025-03-27T12:12:43.300Z] <<< [apiv2][status] POST https://upload-firebasehosting.googleapis.com/upload/sites/camporiapac/versions/d373976ccc1dd7e8/files/1c26779cfcf88eb467838c37c8e38ba44134d91511a9217820564d0943b679f6 200
[debug] [2025-03-27T12:12:43.300Z] <<< [apiv2][body] POST https://upload-firebasehosting.googleapis.com/upload/sites/camporiapac/versions/d373976ccc1dd7e8/files/1c26779cfcf88eb467838c37c8e38ba44134d91511a9217820564d0943b679f6 [stream]
[debug] [2025-03-27T12:12:43.547Z] <<< [apiv2][status] POST https://upload-firebasehosting.googleapis.com/upload/sites/camporiapac/versions/d373976ccc1dd7e8/files/4aa8393b48cc5a647c4aacb4c5cabbad3c031afdefdb5bd0c0d0b7e354402f35 200
[debug] [2025-03-27T12:12:43.547Z] <<< [apiv2][body] POST https://upload-firebasehosting.googleapis.com/upload/sites/camporiapac/versions/d373976ccc1dd7e8/files/4aa8393b48cc5a647c4aacb4c5cabbad3c031afdefdb5bd0c0d0b7e354402f35 [stream]
[debug] [2025-03-27T12:12:43.700Z] <<< [apiv2][status] POST https://upload-firebasehosting.googleapis.com/upload/sites/camporiapac/versions/d373976ccc1dd7e8/files/86cddb7906dcbf6e0d6fc2704b972a1a48043ac95f397966b19373ab81ee9e3d 200
[debug] [2025-03-27T12:12:43.701Z] <<< [apiv2][body] POST https://upload-firebasehosting.googleapis.com/upload/sites/camporiapac/versions/d373976ccc1dd7e8/files/86cddb7906dcbf6e0d6fc2704b972a1a48043ac95f397966b19373ab81ee9e3d [stream]
[debug] [2025-03-27T12:12:45.331Z] <<< [apiv2][status] POST https://upload-firebasehosting.googleapis.com/upload/sites/camporiapac/versions/d373976ccc1dd7e8/files/8a7b72c60a1ae35dbfe62ca5cb81dbb116a3ea56dca52fca115ad2505235ed76 200
[debug] [2025-03-27T12:12:45.331Z] <<< [apiv2][body] POST https://upload-firebasehosting.googleapis.com/upload/sites/camporiapac/versions/d373976ccc1dd7e8/files/8a7b72c60a1ae35dbfe62ca5cb81dbb116a3ea56dca52fca115ad2505235ed76 [stream]
[debug] [2025-03-27T12:12:45.332Z] [hosting][upload queue][FINAL] {"max":3280,"min":1248,"avg":1918.5,"active":0,"complete":4,"success":4,"errored":0,"retried":0,"total":4,"elapsed":3281}
[info] ✔  hosting[camporiapac]: file upload complete 
[debug] [2025-03-27T12:12:45.333Z] [hosting] deploy completed after 4478ms
[debug] [2025-03-27T12:12:45.333Z] [
  {
    "config": {
      "public": "build",
      "ignore": [
        "firebase.json",
        "**/.*",
        "**/node_modules/**"
      ],
      "rewrites": [
        {
          "source": "**",
          "destination": "/index.html"
        }
      ],
      "site": "camporiapac"
    },
    "version": "projects/1083996220137/sites/camporiapac/versions/d373976ccc1dd7e8"
  }
]
[info] i  hosting[camporiapac]: finalizing version... 
[debug] [2025-03-27T12:12:45.335Z] Checked if tokens are valid: true, expires at: 1743079187602
[debug] [2025-03-27T12:12:45.336Z] Checked if tokens are valid: true, expires at: 1743079187602
[debug] [2025-03-27T12:12:45.336Z] >>> [apiv2][query] PATCH https://firebasehosting.googleapis.com/v1beta1/projects/-/sites/camporiapac/versions/d373976ccc1dd7e8 updateMask=status%2Cconfig
[debug] [2025-03-27T12:12:45.336Z] >>> [apiv2][body] PATCH https://firebasehosting.googleapis.com/v1beta1/projects/-/sites/camporiapac/versions/d373976ccc1dd7e8 {"status":"FINALIZED","config":{"rewrites":[{"glob":"**","path":"/index.html"}]}}
[debug] [2025-03-27T12:12:45.634Z] <<< [apiv2][status] PATCH https://firebasehosting.googleapis.com/v1beta1/projects/-/sites/camporiapac/versions/d373976ccc1dd7e8 200
[debug] [2025-03-27T12:12:45.634Z] <<< [apiv2][body] PATCH https://firebasehosting.googleapis.com/v1beta1/projects/-/sites/camporiapac/versions/d373976ccc1dd7e8 {"name":"projects/1083996220137/sites/camporiapac/versions/d373976ccc1dd7e8","status":"FINALIZED","config":{"rewrites":[{"glob":"**","path":"/index.html"}]},"labels":{"deployment-tool":"cli-firebase"},"createTime":"2025-03-27T12:12:40.244075Z","createUser":{"email":"matheus.wl.gomes@gmail.com"},"finalizeTime":"2025-03-27T12:12:45.545779Z","finalizeUser":{"email":"matheus.wl.gomes@gmail.com"}}
[debug] [2025-03-27T12:12:45.635Z] [hosting] finalized version for camporiapac:[object Object]
[info] ✔  hosting[camporiapac]: version finalized 
[info] i  hosting[camporiapac]: releasing new version... 
[debug] [2025-03-27T12:12:45.635Z] Checked if tokens are valid: true, expires at: 1743079187602
[debug] [2025-03-27T12:12:45.635Z] Checked if tokens are valid: true, expires at: 1743079187602
[debug] [2025-03-27T12:12:45.636Z] >>> [apiv2][query] POST https://firebasehosting.googleapis.com/v1beta1/projects/-/sites/camporiapac/channels/live/releases versionName=projects%2F1083996220137%2Fsites%2Fcamporiapac%2Fversions%2Fd373976ccc1dd7e8
[debug] [2025-03-27T12:12:45.636Z] >>> [apiv2][body] POST https://firebasehosting.googleapis.com/v1beta1/projects/-/sites/camporiapac/channels/live/releases {}
[debug] [2025-03-27T12:12:45.941Z] <<< [apiv2][status] POST https://firebasehosting.googleapis.com/v1beta1/projects/-/sites/camporiapac/channels/live/releases 200
[debug] [2025-03-27T12:12:45.941Z] <<< [apiv2][body] POST https://firebasehosting.googleapis.com/v1beta1/projects/-/sites/camporiapac/channels/live/releases {"name":"projects/1083996220137/sites/camporiapac/channels/live/releases/1743077565265000","version":{"name":"projects/1083996220137/sites/camporiapac/versions/d373976ccc1dd7e8","status":"FINALIZED","config":{"rewrites":[{"glob":"**","path":"/index.html"}]},"labels":{"deployment-tool":"cli-firebase"},"createTime":"2025-03-27T12:12:40.244075Z","createUser":{"email":"matheus.wl.gomes@gmail.com","imageUrl":"https://lh3.googleusercontent.com/a/ACg8ocKnA__xqOdqy0LbTtFhrlxNExokx5HZgaOWbzpjdcDRrrHRNXCnAg"},"finalizeTime":"2025-03-27T12:12:45.545779Z","finalizeUser":{"email":"matheus.wl.gomes@gmail.com","imageUrl":"https://lh3.googleusercontent.com/a/ACg8ocKnA__xqOdqy0LbTtFhrlxNExokx5HZgaOWbzpjdcDRrrHRNXCnAg"}},"type":"DEPLOY","releaseTime":"2025-03-27T12:12:45.265Z","releaseUser":{"email":"matheus.wl.gomes@gmail.com","imageUrl":"https://lh3.googleusercontent.com/a/ACg8ocKnA__xqOdqy0LbTtFhrlxNExokx5HZgaOWbzpjdcDRrrHRNXCnAg"}}
[debug] [2025-03-27T12:12:45.941Z] [hosting] release: {"name":"projects/1083996220137/sites/camporiapac/channels/live/releases/1743077565265000","version":{"name":"projects/1083996220137/sites/camporiapac/versions/d373976ccc1dd7e8","status":"FINALIZED","config":{"rewrites":[{"glob":"**","path":"/index.html"}]},"labels":{"deployment-tool":"cli-firebase"},"createTime":"2025-03-27T12:12:40.244075Z","createUser":{"email":"matheus.wl.gomes@gmail.com","imageUrl":"https://lh3.googleusercontent.com/a/ACg8ocKnA__xqOdqy0LbTtFhrlxNExokx5HZgaOWbzpjdcDRrrHRNXCnAg"},"finalizeTime":"2025-03-27T12:12:45.545779Z","finalizeUser":{"email":"matheus.wl.gomes@gmail.com","imageUrl":"https://lh3.googleusercontent.com/a/ACg8ocKnA__xqOdqy0LbTtFhrlxNExokx5HZgaOWbzpjdcDRrrHRNXCnAg"}},"type":"DEPLOY","releaseTime":"2025-03-27T12:12:45.265Z","releaseUser":{"email":"matheus.wl.gomes@gmail.com","imageUrl":"https://lh3.googleusercontent.com/a/ACg8ocKnA__xqOdqy0LbTtFhrlxNExokx5HZgaOWbzpjdcDRrrHRNXCnAg"}}
[info] ✔  hosting[camporiapac]: release complete 
[info] 
[info] ✔  Deploy complete! 
[info] 
[info] Project Console: https://console.firebase.google.com/project/camporiapac/overview
[info] Hosting URL: https://camporiapac.web.app
